[ 2025-01-22 17:26:41,054 ] 1026 httpx - INFO - HTTP Request: GET https://dagshub.com/api/v1/user "HTTP/1.1 200 OK"
[ 2025-01-22 17:26:41,060 ] 107 dagshub - INFO - Accessing as KaushalAvinash
[ 2025-01-22 17:26:42,182 ] 1026 httpx - INFO - HTTP Request: GET https://dagshub.com/api/v1/repos/KaushalAvinash/NetworkSecurityProject "HTTP/1.1 200 OK"
[ 2025-01-22 17:26:44,133 ] 1026 httpx - INFO - HTTP Request: GET https://dagshub.com/api/v1/user "HTTP/1.1 200 OK"
[ 2025-01-22 17:26:44,136 ] 107 dagshub - INFO - Initialized MLflow to track repo "KaushalAvinash/NetworkSecurityProject"
[ 2025-01-22 17:26:44,139 ] 107 dagshub - INFO - Repository KaushalAvinash/NetworkSecurityProject initialized!
[ 2025-01-22 17:42:34,130 ] 42 root - INFO - Start data Ingestion
[ 2025-01-22 17:42:43,765 ] 64 root - INFO - Performed train test split on the dataframe
[ 2025-01-22 17:42:43,765 ] 66 root - INFO - Exited split_data_as_train_test method of Data_Ingestion class
[ 2025-01-22 17:42:43,767 ] 74 root - INFO - Exporting train and test file path.
[ 2025-01-22 17:42:43,875 ] 83 root - INFO - Exported train and test file path.
[ 2025-01-22 17:42:43,876 ] 45 root - INFO - Data Ingestion completed and artifact: DataIngestionArtifact(trained_file_path='Artifacts\\01_22_2025_17_26_34\\data_ingestion\\ingested\\train.csv', test_file_path='Artifacts\\01_22_2025_17_26_34\\data_ingestion\\ingested\\test.csv')
[ 2025-01-22 17:42:43,891 ] 55 root - INFO - Initiate the data Validation
[ 2025-01-22 17:42:44,012 ] 33 root - INFO - Required number of column:2
[ 2025-01-22 17:42:44,012 ] 34 root - INFO - Data frame in columns:31
[ 2025-01-22 17:42:44,012 ] 33 root - INFO - Required number of column:2
[ 2025-01-22 17:42:44,012 ] 34 root - INFO - Data frame in columns:31
[ 2025-01-22 17:42:44,315 ] 63 root - INFO - Entered initiate_data_transformation method of DataTransformation class
[ 2025-01-22 17:42:44,315 ] 65 root - INFO - Starting data transformation
[ 2025-01-22 17:42:44,364 ] 48 root - INFO - Entered get_data_trnasformer_object method of Trnasformation class
[ 2025-01-22 17:42:44,364 ] 53 root - INFO - Initialise KNNImputer with {'missing_values': nan, 'n_neighbors': 3, 'weights': 'uniform'}
[ 2025-01-22 17:42:44,398 ] 45 root - INFO - Entered the save_object method of MainUtils class
[ 2025-01-22 17:42:44,405 ] 49 root - INFO - Exited the save_object method of MainUtils class
[ 2025-01-22 17:42:44,405 ] 45 root - INFO - Entered the save_object method of MainUtils class
[ 2025-01-22 17:42:44,413 ] 49 root - INFO - Exited the save_object method of MainUtils class
[ 2025-01-22 17:46:38,503 ] 45 root - INFO - Entered the save_object method of MainUtils class
[ 2025-01-22 17:46:38,504 ] 49 root - INFO - Exited the save_object method of MainUtils class
[ 2025-01-22 17:46:38,504 ] 45 root - INFO - Entered the save_object method of MainUtils class
[ 2025-01-22 17:46:38,527 ] 49 root - INFO - Exited the save_object method of MainUtils class
[ 2025-01-22 17:46:38,527 ] 132 root - INFO - Model trainer artifact: ModelTrainerArtifact(trained_model_file_path='Artifacts\\01_22_2025_17_26_34\\model_trainer\\trained_model\\model.pkl', train_metric_artifact=ClassificationMetricArtifact(f1_score=0.9913924050632912, precision_score=0.9888888888888889, recall_score=0.9939086294416244), test_metric_artifact=ClassificationMetricArtifact(f1_score=0.9766693483507642, precision_score=0.9681020733652312, recall_score=0.9853896103896104))
